<?xml version="1.0" encoding="UTF-8" ?>
<testsuite tests="5" failures="0" name="com.logicbig.example.CalcularTest" time="18.531" errors="0" skipped="0">
  <properties>
[...]
</properties>
  <testcase classname="com.logicbig.example.CalcularTest" name="calcularMultiplicacaoTest" time="5.539"/>
  <testcase classname="com.logicbig.example.CalcularTest" name="calcularSomaTest" time="3.412"/>
  <testcase classname="com.logicbig.example.CalcularTest" name="calcularDivisaoPorZero" time="3.259"/>
  <testcase classname="com.logicbig.example.CalcularTest" name="calcularSubtracaoTest" time="3.157"/>
  <testcase classname="com.logicbig.example.CalcularTest" name="calcularDivisao" time="3.164"/>
</testsuite>